{
  "D:\\DevProj\\bits-to-atoms\\src\\index.tsx": {
    "path": "D:\\DevProj\\bits-to-atoms\\src\\index.tsx",
    "statementMap": {
      "0": {
        "start": {
          "line": 14,
          "column": 0
        },
        "end": {
          "line": 22,
          "column": 2
        }
      },
      "1": {
        "start": {
          "line": 27,
          "column": 0
        },
        "end": {
          "line": 27,
          "column": 27
        }
      }
    },
    "fnMap": {},
    "branchMap": {},
    "s": {
      "0": 5,
      "1": 5
    },
    "f": {},
    "b": {},
    "hash": "859f68d00e4e9fd6545e3ff051275496d85cbc33"
  },
  "D:\\DevProj\\bits-to-atoms\\src\\serviceWorker.ts": {
    "path": "D:\\DevProj\\bits-to-atoms\\src\\serviceWorker.ts",
    "statementMap": {
      "0": {
        "start": {
          "line": 13,
          "column": 20
        },
        "end": {
          "line": 21,
          "column": 1
        }
      },
      "1": {
        "start": {
          "line": 29,
          "column": 2
        },
        "end": {
          "line": 62,
          "column": 3
        }
      },
      "2": {
        "start": {
          "line": 31,
          "column": 22
        },
        "end": {
          "line": 34,
          "column": 5
        }
      },
      "3": {
        "start": {
          "line": 35,
          "column": 4
        },
        "end": {
          "line": 40,
          "column": 5
        }
      },
      "4": {
        "start": {
          "line": 39,
          "column": 6
        },
        "end": {
          "line": 39,
          "column": 13
        }
      },
      "5": {
        "start": {
          "line": 42,
          "column": 4
        },
        "end": {
          "line": 61,
          "column": 7
        }
      },
      "6": {
        "start": {
          "line": 43,
          "column": 20
        },
        "end": {
          "line": 43,
          "column": 65
        }
      },
      "7": {
        "start": {
          "line": 45,
          "column": 6
        },
        "end": {
          "line": 60,
          "column": 7
        }
      },
      "8": {
        "start": {
          "line": 47,
          "column": 8
        },
        "end": {
          "line": 47,
          "column": 47
        }
      },
      "9": {
        "start": {
          "line": 51,
          "column": 8
        },
        "end": {
          "line": 56,
          "column": 11
        }
      },
      "10": {
        "start": {
          "line": 52,
          "column": 10
        },
        "end": {
          "line": 55,
          "column": 12
        }
      },
      "11": {
        "start": {
          "line": 59,
          "column": 8
        },
        "end": {
          "line": 59,
          "column": 39
        }
      },
      "12": {
        "start": {
          "line": 66,
          "column": 2
        },
        "end": {
          "line": 106,
          "column": 7
        }
      },
      "13": {
        "start": {
          "line": 69,
          "column": 6
        },
        "end": {
          "line": 102,
          "column": 8
        }
      },
      "14": {
        "start": {
          "line": 70,
          "column": 33
        },
        "end": {
          "line": 70,
          "column": 56
        }
      },
      "15": {
        "start": {
          "line": 71,
          "column": 8
        },
        "end": {
          "line": 73,
          "column": 9
        }
      },
      "16": {
        "start": {
          "line": 72,
          "column": 10
        },
        "end": {
          "line": 72,
          "column": 17
        }
      },
      "17": {
        "start": {
          "line": 74,
          "column": 8
        },
        "end": {
          "line": 101,
          "column": 10
        }
      },
      "18": {
        "start": {
          "line": 75,
          "column": 10
        },
        "end": {
          "line": 100,
          "column": 11
        }
      },
      "19": {
        "start": {
          "line": 76,
          "column": 12
        },
        "end": {
          "line": 99,
          "column": 13
        }
      },
      "20": {
        "start": {
          "line": 80,
          "column": 14
        },
        "end": {
          "line": 83,
          "column": 16
        }
      },
      "21": {
        "start": {
          "line": 86,
          "column": 14
        },
        "end": {
          "line": 88,
          "column": 15
        }
      },
      "22": {
        "start": {
          "line": 87,
          "column": 16
        },
        "end": {
          "line": 87,
          "column": 46
        }
      },
      "23": {
        "start": {
          "line": 93,
          "column": 14
        },
        "end": {
          "line": 93,
          "column": 64
        }
      },
      "24": {
        "start": {
          "line": 96,
          "column": 14
        },
        "end": {
          "line": 98,
          "column": 15
        }
      },
      "25": {
        "start": {
          "line": 97,
          "column": 16
        },
        "end": {
          "line": 97,
          "column": 47
        }
      },
      "26": {
        "start": {
          "line": 105,
          "column": 6
        },
        "end": {
          "line": 105,
          "column": 72
        }
      },
      "27": {
        "start": {
          "line": 111,
          "column": 2
        },
        "end": {
          "line": 136,
          "column": 7
        }
      },
      "28": {
        "start": {
          "line": 116,
          "column": 26
        },
        "end": {
          "line": 116,
          "column": 62
        }
      },
      "29": {
        "start": {
          "line": 117,
          "column": 6
        },
        "end": {
          "line": 130,
          "column": 7
        }
      },
      "30": {
        "start": {
          "line": 122,
          "column": 8
        },
        "end": {
          "line": 126,
          "column": 11
        }
      },
      "31": {
        "start": {
          "line": 123,
          "column": 10
        },
        "end": {
          "line": 125,
          "column": 13
        }
      },
      "32": {
        "start": {
          "line": 124,
          "column": 12
        },
        "end": {
          "line": 124,
          "column": 37
        }
      },
      "33": {
        "start": {
          "line": 129,
          "column": 8
        },
        "end": {
          "line": 129,
          "column": 39
        }
      },
      "34": {
        "start": {
          "line": 133,
          "column": 6
        },
        "end": {
          "line": 135,
          "column": 8
        }
      },
      "35": {
        "start": {
          "line": 140,
          "column": 2
        },
        "end": {
          "line": 148,
          "column": 3
        }
      },
      "36": {
        "start": {
          "line": 141,
          "column": 4
        },
        "end": {
          "line": 147,
          "column": 9
        }
      },
      "37": {
        "start": {
          "line": 143,
          "column": 8
        },
        "end": {
          "line": 143,
          "column": 34
        }
      },
      "38": {
        "start": {
          "line": 146,
          "column": 8
        },
        "end": {
          "line": 146,
          "column": 37
        }
      }
    },
    "fnMap": {
      "0": {
        "name": "register",
        "decl": {
          "start": {
            "line": 28,
            "column": 16
          },
          "end": {
            "line": 28,
            "column": 24
          }
        },
        "loc": {
          "start": {
            "line": 28,
            "column": 42
          },
          "end": {
            "line": 63,
            "column": 1
          }
        },
        "line": 28
      },
      "1": {
        "name": "(anonymous_1)",
        "decl": {
          "start": {
            "line": 42,
            "column": 36
          },
          "end": {
            "line": 42,
            "column": 37
          }
        },
        "loc": {
          "start": {
            "line": 42,
            "column": 42
          },
          "end": {
            "line": 61,
            "column": 5
          }
        },
        "line": 42
      },
      "2": {
        "name": "(anonymous_2)",
        "decl": {
          "start": {
            "line": 51,
            "column": 43
          },
          "end": {
            "line": 51,
            "column": 44
          }
        },
        "loc": {
          "start": {
            "line": 51,
            "column": 49
          },
          "end": {
            "line": 56,
            "column": 9
          }
        },
        "line": 51
      },
      "3": {
        "name": "registerValidSW",
        "decl": {
          "start": {
            "line": 65,
            "column": 9
          },
          "end": {
            "line": 65,
            "column": 24
          }
        },
        "loc": {
          "start": {
            "line": 65,
            "column": 57
          },
          "end": {
            "line": 107,
            "column": 1
          }
        },
        "line": 65
      },
      "4": {
        "name": "(anonymous_4)",
        "decl": {
          "start": {
            "line": 68,
            "column": 10
          },
          "end": {
            "line": 68,
            "column": 11
          }
        },
        "loc": {
          "start": {
            "line": 68,
            "column": 26
          },
          "end": {
            "line": 103,
            "column": 5
          }
        },
        "line": 68
      },
      "5": {
        "name": "(anonymous_5)",
        "decl": {
          "start": {
            "line": 69,
            "column": 35
          },
          "end": {
            "line": 69,
            "column": 36
          }
        },
        "loc": {
          "start": {
            "line": 69,
            "column": 41
          },
          "end": {
            "line": 102,
            "column": 7
          }
        },
        "line": 69
      },
      "6": {
        "name": "(anonymous_6)",
        "decl": {
          "start": {
            "line": 74,
            "column": 41
          },
          "end": {
            "line": 74,
            "column": 42
          }
        },
        "loc": {
          "start": {
            "line": 74,
            "column": 47
          },
          "end": {
            "line": 101,
            "column": 9
          }
        },
        "line": 74
      },
      "7": {
        "name": "(anonymous_7)",
        "decl": {
          "start": {
            "line": 104,
            "column": 11
          },
          "end": {
            "line": 104,
            "column": 12
          }
        },
        "loc": {
          "start": {
            "line": 104,
            "column": 20
          },
          "end": {
            "line": 106,
            "column": 5
          }
        },
        "line": 104
      },
      "8": {
        "name": "checkValidServiceWorker",
        "decl": {
          "start": {
            "line": 109,
            "column": 9
          },
          "end": {
            "line": 109,
            "column": 32
          }
        },
        "loc": {
          "start": {
            "line": 109,
            "column": 65
          },
          "end": {
            "line": 137,
            "column": 1
          }
        },
        "line": 109
      },
      "9": {
        "name": "(anonymous_9)",
        "decl": {
          "start": {
            "line": 114,
            "column": 10
          },
          "end": {
            "line": 114,
            "column": 11
          }
        },
        "loc": {
          "start": {
            "line": 114,
            "column": 22
          },
          "end": {
            "line": 131,
            "column": 5
          }
        },
        "line": 114
      },
      "10": {
        "name": "(anonymous_10)",
        "decl": {
          "start": {
            "line": 122,
            "column": 43
          },
          "end": {
            "line": 122,
            "column": 44
          }
        },
        "loc": {
          "start": {
            "line": 122,
            "column": 59
          },
          "end": {
            "line": 126,
            "column": 9
          }
        },
        "line": 122
      },
      "11": {
        "name": "(anonymous_11)",
        "decl": {
          "start": {
            "line": 123,
            "column": 41
          },
          "end": {
            "line": 123,
            "column": 42
          }
        },
        "loc": {
          "start": {
            "line": 123,
            "column": 47
          },
          "end": {
            "line": 125,
            "column": 11
          }
        },
        "line": 123
      },
      "12": {
        "name": "(anonymous_12)",
        "decl": {
          "start": {
            "line": 132,
            "column": 11
          },
          "end": {
            "line": 132,
            "column": 12
          }
        },
        "loc": {
          "start": {
            "line": 132,
            "column": 17
          },
          "end": {
            "line": 136,
            "column": 5
          }
        },
        "line": 132
      },
      "13": {
        "name": "unregister",
        "decl": {
          "start": {
            "line": 139,
            "column": 16
          },
          "end": {
            "line": 139,
            "column": 26
          }
        },
        "loc": {
          "start": {
            "line": 139,
            "column": 29
          },
          "end": {
            "line": 149,
            "column": 1
          }
        },
        "line": 139
      },
      "14": {
        "name": "(anonymous_14)",
        "decl": {
          "start": {
            "line": 142,
            "column": 12
          },
          "end": {
            "line": 142,
            "column": 13
          }
        },
        "loc": {
          "start": {
            "line": 142,
            "column": 28
          },
          "end": {
            "line": 144,
            "column": 7
          }
        },
        "line": 142
      },
      "15": {
        "name": "(anonymous_15)",
        "decl": {
          "start": {
            "line": 145,
            "column": 13
          },
          "end": {
            "line": 145,
            "column": 14
          }
        },
        "loc": {
          "start": {
            "line": 145,
            "column": 22
          },
          "end": {
            "line": 147,
            "column": 7
          }
        },
        "line": 145
      }
    },
    "branchMap": {
      "0": {
        "loc": {
          "start": {
            "line": 14,
            "column": 2
          },
          "end": {
            "line": 20,
            "column": 5
          }
        },
        "type": "binary-expr",
        "locations": [
          {
            "start": {
              "line": 14,
              "column": 2
            },
            "end": {
              "line": 14,
              "column": 42
            }
          },
          {
            "start": {
              "line": 16,
              "column": 4
            },
            "end": {
              "line": 16,
              "column": 40
            }
          },
          {
            "start": {
              "line": 18,
              "column": 4
            },
            "end": {
              "line": 20,
              "column": 5
            }
          }
        ],
        "line": 14
      },
      "1": {
        "loc": {
          "start": {
            "line": 29,
            "column": 2
          },
          "end": {
            "line": 62,
            "column": 3
          }
        },
        "type": "if",
        "locations": [
          {
            "start": {
              "line": 29,
              "column": 2
            },
            "end": {
              "line": 62,
              "column": 3
            }
          },
          {
            "start": {
              "line": 29,
              "column": 2
            },
            "end": {
              "line": 62,
              "column": 3
            }
          }
        ],
        "line": 29
      },
      "2": {
        "loc": {
          "start": {
            "line": 29,
            "column": 6
          },
          "end": {
            "line": 29,
            "column": 75
          }
        },
        "type": "binary-expr",
        "locations": [
          {
            "start": {
              "line": 29,
              "column": 6
            },
            "end": {
              "line": 29,
              "column": 43
            }
          },
          {
            "start": {
              "line": 29,
              "column": 47
            },
            "end": {
              "line": 29,
              "column": 75
            }
          }
        ],
        "line": 29
      },
      "3": {
        "loc": {
          "start": {
            "line": 35,
            "column": 4
          },
          "end": {
            "line": 40,
            "column": 5
          }
        },
        "type": "if",
        "locations": [
          {
            "start": {
              "line": 35,
              "column": 4
            },
            "end": {
              "line": 40,
              "column": 5
            }
          },
          {
            "start": {
              "line": 35,
              "column": 4
            },
            "end": {
              "line": 40,
              "column": 5
            }
          }
        ],
        "line": 35
      },
      "4": {
        "loc": {
          "start": {
            "line": 45,
            "column": 6
          },
          "end": {
            "line": 60,
            "column": 7
          }
        },
        "type": "if",
        "locations": [
          {
            "start": {
              "line": 45,
              "column": 6
            },
            "end": {
              "line": 60,
              "column": 7
            }
          },
          {
            "start": {
              "line": 45,
              "column": 6
            },
            "end": {
              "line": 60,
              "column": 7
            }
          }
        ],
        "line": 45
      },
      "5": {
        "loc": {
          "start": {
            "line": 71,
            "column": 8
          },
          "end": {
            "line": 73,
            "column": 9
          }
        },
        "type": "if",
        "locations": [
          {
            "start": {
              "line": 71,
              "column": 8
            },
            "end": {
              "line": 73,
              "column": 9
            }
          },
          {
            "start": {
              "line": 71,
              "column": 8
            },
            "end": {
              "line": 73,
              "column": 9
            }
          }
        ],
        "line": 71
      },
      "6": {
        "loc": {
          "start": {
            "line": 75,
            "column": 10
          },
          "end": {
            "line": 100,
            "column": 11
          }
        },
        "type": "if",
        "locations": [
          {
            "start": {
              "line": 75,
              "column": 10
            },
            "end": {
              "line": 100,
              "column": 11
            }
          },
          {
            "start": {
              "line": 75,
              "column": 10
            },
            "end": {
              "line": 100,
              "column": 11
            }
          }
        ],
        "line": 75
      },
      "7": {
        "loc": {
          "start": {
            "line": 76,
            "column": 12
          },
          "end": {
            "line": 99,
            "column": 13
          }
        },
        "type": "if",
        "locations": [
          {
            "start": {
              "line": 76,
              "column": 12
            },
            "end": {
              "line": 99,
              "column": 13
            }
          },
          {
            "start": {
              "line": 76,
              "column": 12
            },
            "end": {
              "line": 99,
              "column": 13
            }
          }
        ],
        "line": 76
      },
      "8": {
        "loc": {
          "start": {
            "line": 86,
            "column": 14
          },
          "end": {
            "line": 88,
            "column": 15
          }
        },
        "type": "if",
        "locations": [
          {
            "start": {
              "line": 86,
              "column": 14
            },
            "end": {
              "line": 88,
              "column": 15
            }
          },
          {
            "start": {
              "line": 86,
              "column": 14
            },
            "end": {
              "line": 88,
              "column": 15
            }
          }
        ],
        "line": 86
      },
      "9": {
        "loc": {
          "start": {
            "line": 86,
            "column": 18
          },
          "end": {
            "line": 86,
            "column": 43
          }
        },
        "type": "binary-expr",
        "locations": [
          {
            "start": {
              "line": 86,
              "column": 18
            },
            "end": {
              "line": 86,
              "column": 24
            }
          },
          {
            "start": {
              "line": 86,
              "column": 28
            },
            "end": {
              "line": 86,
              "column": 43
            }
          }
        ],
        "line": 86
      },
      "10": {
        "loc": {
          "start": {
            "line": 96,
            "column": 14
          },
          "end": {
            "line": 98,
            "column": 15
          }
        },
        "type": "if",
        "locations": [
          {
            "start": {
              "line": 96,
              "column": 14
            },
            "end": {
              "line": 98,
              "column": 15
            }
          },
          {
            "start": {
              "line": 96,
              "column": 14
            },
            "end": {
              "line": 98,
              "column": 15
            }
          }
        ],
        "line": 96
      },
      "11": {
        "loc": {
          "start": {
            "line": 96,
            "column": 18
          },
          "end": {
            "line": 96,
            "column": 44
          }
        },
        "type": "binary-expr",
        "locations": [
          {
            "start": {
              "line": 96,
              "column": 18
            },
            "end": {
              "line": 96,
              "column": 24
            }
          },
          {
            "start": {
              "line": 96,
              "column": 28
            },
            "end": {
              "line": 96,
              "column": 44
            }
          }
        ],
        "line": 96
      },
      "12": {
        "loc": {
          "start": {
            "line": 117,
            "column": 6
          },
          "end": {
            "line": 130,
            "column": 7
          }
        },
        "type": "if",
        "locations": [
          {
            "start": {
              "line": 117,
              "column": 6
            },
            "end": {
              "line": 130,
              "column": 7
            }
          },
          {
            "start": {
              "line": 117,
              "column": 6
            },
            "end": {
              "line": 130,
              "column": 7
            }
          }
        ],
        "line": 117
      },
      "13": {
        "loc": {
          "start": {
            "line": 118,
            "column": 8
          },
          "end": {
            "line": 119,
            "column": 73
          }
        },
        "type": "binary-expr",
        "locations": [
          {
            "start": {
              "line": 118,
              "column": 8
            },
            "end": {
              "line": 118,
              "column": 31
            }
          },
          {
            "start": {
              "line": 119,
              "column": 9
            },
            "end": {
              "line": 119,
              "column": 28
            }
          },
          {
            "start": {
              "line": 119,
              "column": 32
            },
            "end": {
              "line": 119,
              "column": 72
            }
          }
        ],
        "line": 118
      },
      "14": {
        "loc": {
          "start": {
            "line": 140,
            "column": 2
          },
          "end": {
            "line": 148,
            "column": 3
          }
        },
        "type": "if",
        "locations": [
          {
            "start": {
              "line": 140,
              "column": 2
            },
            "end": {
              "line": 148,
              "column": 3
            }
          },
          {
            "start": {
              "line": 140,
              "column": 2
            },
            "end": {
              "line": 148,
              "column": 3
            }
          }
        ],
        "line": 140
      }
    },
    "s": {
      "0": 5,
      "1": 0,
      "2": 0,
      "3": 0,
      "4": 0,
      "5": 0,
      "6": 0,
      "7": 0,
      "8": 0,
      "9": 0,
      "10": 0,
      "11": 0,
      "12": 0,
      "13": 0,
      "14": 0,
      "15": 0,
      "16": 0,
      "17": 0,
      "18": 0,
      "19": 0,
      "20": 0,
      "21": 0,
      "22": 0,
      "23": 0,
      "24": 0,
      "25": 0,
      "26": 0,
      "27": 0,
      "28": 0,
      "29": 0,
      "30": 0,
      "31": 0,
      "32": 0,
      "33": 0,
      "34": 0,
      "35": 5,
      "36": 5,
      "37": 0,
      "38": 0
    },
    "f": {
      "0": 0,
      "1": 0,
      "2": 0,
      "3": 0,
      "4": 0,
      "5": 0,
      "6": 0,
      "7": 0,
      "8": 0,
      "9": 0,
      "10": 0,
      "11": 0,
      "12": 0,
      "13": 5,
      "14": 0,
      "15": 0
    },
    "b": {
      "0": [
        5,
        0,
        0
      ],
      "1": [
        0,
        0
      ],
      "2": [
        0,
        0
      ],
      "3": [
        0,
        0
      ],
      "4": [
        0,
        0
      ],
      "5": [
        0,
        0
      ],
      "6": [
        0,
        0
      ],
      "7": [
        0,
        0
      ],
      "8": [
        0,
        0
      ],
      "9": [
        0,
        0
      ],
      "10": [
        0,
        0
      ],
      "11": [
        0,
        0
      ],
      "12": [
        0,
        0
      ],
      "13": [
        0,
        0,
        0
      ],
      "14": [
        5,
        0
      ]
    },
    "hash": "bb3897815748afbb63ba30eb6c80a1ab11320713"
  },
  "D:\\DevProj\\bits-to-atoms\\src\\env\\config.ts": {
    "path": "D:\\DevProj\\bits-to-atoms\\src\\env\\config.ts",
    "statementMap": {
      "0": {
        "start": {
          "line": 1,
          "column": 22
        },
        "end": {
          "line": 32,
          "column": 1
        }
      }
    },
    "fnMap": {},
    "branchMap": {},
    "s": {
      "0": 9
    },
    "f": {},
    "b": {},
    "_coverageSchema": "43e27e138ebf9cfc5966b082cf9a028302ed4184",
    "hash": "37bb69d005579bd7b9832d484c6d2483252cd37a"
  },
  "D:\\DevProj\\bits-to-atoms\\src\\store\\index.ts": {
    "path": "D:\\DevProj\\bits-to-atoms\\src\\store\\index.ts",
    "statementMap": {
      "0": {
        "start": {
          "line": 26,
          "column": 2
        },
        "end": {
          "line": 33,
          "column": 5
        }
      },
      "1": {
        "start": {
          "line": 36,
          "column": 23
        },
        "end": {
          "line": 36,
          "column": 45
        }
      },
      "2": {
        "start": {
          "line": 38,
          "column": 27
        },
        "end": {
          "line": 44,
          "column": 2
        }
      },
      "3": {
        "start": {
          "line": 48,
          "column": 21
        },
        "end": {
          "line": 51,
          "column": 2
        }
      },
      "4": {
        "start": {
          "line": 53,
          "column": 0
        },
        "end": {
          "line": 53,
          "column": 29
        }
      }
    },
    "fnMap": {
      "0": {
        "name": "rootSaga",
        "decl": {
          "start": {
            "line": 25,
            "column": 10
          },
          "end": {
            "line": 25,
            "column": 18
          }
        },
        "loc": {
          "start": {
            "line": 25,
            "column": 21
          },
          "end": {
            "line": 34,
            "column": 1
          }
        },
        "line": 25
      }
    },
    "branchMap": {},
    "s": {
      "0": 6,
      "1": 6,
      "2": 6,
      "3": 6,
      "4": 6
    },
    "f": {
      "0": 6
    },
    "b": {},
    "_coverageSchema": "43e27e138ebf9cfc5966b082cf9a028302ed4184",
    "hash": "ab15afb76ed6000116bd717879c18c24f54f56bb"
  },
  "D:\\DevProj\\bits-to-atoms\\src\\store\\buildrequest\\factories.ts": {
    "path": "D:\\DevProj\\bits-to-atoms\\src\\store\\buildrequest\\factories.ts",
    "statementMap": {
      "0": {
        "start": {
          "line": 18,
          "column": 2
        },
        "end": {
          "line": 27,
          "column": 4
        }
      }
    },
    "fnMap": {
      "0": {
        "name": "createBuildRequest",
        "decl": {
          "start": {
            "line": 8,
            "column": 16
          },
          "end": {
            "line": 8,
            "column": 34
          }
        },
        "loc": {
          "start": {
            "line": 17,
            "column": 22
          },
          "end": {
            "line": 28,
            "column": 1
          }
        },
        "line": 17
      }
    },
    "branchMap": {
      "0": {
        "loc": {
          "start": {
            "line": 8,
            "column": 35
          },
          "end": {
            "line": 17,
            "column": 6
          }
        },
        "type": "default-arg",
        "locations": [
          {
            "start": {
              "line": 17,
              "column": 4
            },
            "end": {
              "line": 17,
              "column": 6
            }
          }
        ],
        "line": 8
      },
      "1": {
        "loc": {
          "start": {
            "line": 9,
            "column": 2
          },
          "end": {
            "line": 9,
            "column": 19
          }
        },
        "type": "default-arg",
        "locations": [
          {
            "start": {
              "line": 9,
              "column": 7
            },
            "end": {
              "line": 9,
              "column": 19
            }
          }
        ],
        "line": 9
      },
      "2": {
        "loc": {
          "start": {
            "line": 10,
            "column": 2
          },
          "end": {
            "line": 10,
            "column": 39
          }
        },
        "type": "default-arg",
        "locations": [
          {
            "start": {
              "line": 10,
              "column": 16
            },
            "end": {
              "line": 10,
              "column": 39
            }
          }
        ],
        "line": 10
      },
      "3": {
        "loc": {
          "start": {
            "line": 11,
            "column": 2
          },
          "end": {
            "line": 11,
            "column": 22
          }
        },
        "type": "default-arg",
        "locations": [
          {
            "start": {
              "line": 11,
              "column": 12
            },
            "end": {
              "line": 11,
              "column": 22
            }
          }
        ],
        "line": 11
      },
      "4": {
        "loc": {
          "start": {
            "line": 12,
            "column": 2
          },
          "end": {
            "line": 12,
            "column": 42
          }
        },
        "type": "default-arg",
        "locations": [
          {
            "start": {
              "line": 12,
              "column": 13
            },
            "end": {
              "line": 12,
              "column": 42
            }
          }
        ],
        "line": 12
      },
      "5": {
        "loc": {
          "start": {
            "line": 13,
            "column": 2
          },
          "end": {
            "line": 13,
            "column": 28
          }
        },
        "type": "default-arg",
        "locations": [
          {
            "start": {
              "line": 13,
              "column": 13
            },
            "end": {
              "line": 13,
              "column": 28
            }
          }
        ],
        "line": 13
      },
      "6": {
        "loc": {
          "start": {
            "line": 14,
            "column": 2
          },
          "end": {
            "line": 14,
            "column": 14
          }
        },
        "type": "default-arg",
        "locations": [
          {
            "start": {
              "line": 14,
              "column": 10
            },
            "end": {
              "line": 14,
              "column": 14
            }
          }
        ],
        "line": 14
      },
      "7": {
        "loc": {
          "start": {
            "line": 15,
            "column": 2
          },
          "end": {
            "line": 15,
            "column": 49
          }
        },
        "type": "default-arg",
        "locations": [
          {
            "start": {
              "line": 15,
              "column": 15
            },
            "end": {
              "line": 15,
              "column": 49
            }
          }
        ],
        "line": 15
      },
      "8": {
        "loc": {
          "start": {
            "line": 16,
            "column": 2
          },
          "end": {
            "line": 16,
            "column": 46
          }
        },
        "type": "default-arg",
        "locations": [
          {
            "start": {
              "line": 16,
              "column": 13
            },
            "end": {
              "line": 16,
              "column": 46
            }
          }
        ],
        "line": 16
      }
    },
    "s": {
      "0": 13
    },
    "f": {
      "0": 13
    },
    "b": {
      "0": [
        3
      ],
      "1": [
        12
      ],
      "2": [
        5
      ],
      "3": [
        13
      ],
      "4": [
        7
      ],
      "5": [
        13
      ],
      "6": [
        7
      ],
      "7": [
        7
      ],
      "8": [
        10
      ]
    },
    "_coverageSchema": "43e27e138ebf9cfc5966b082cf9a028302ed4184",
    "hash": "204a3f8981641bd042d4d8e2a1ca9a33136d5ffa"
  },
  "D:\\DevProj\\bits-to-atoms\\src\\store\\buildrequest\\types.ts": {
    "path": "D:\\DevProj\\bits-to-atoms\\src\\store\\buildrequest\\types.ts",
    "statementMap": {},
    "fnMap": {},
    "branchMap": {},
    "s": {},
    "f": {},
    "b": {},
    "hash": "1b7af74d1b926c7ba1150488f18daa763bc1c625"
  },
  "D:\\DevProj\\bits-to-atoms\\src\\store\\common\\identity\\factories.ts": {
    "path": "D:\\DevProj\\bits-to-atoms\\src\\store\\common\\identity\\factories.ts",
    "statementMap": {
      "0": {
        "start": {
          "line": 4,
          "column": 2
        },
        "end": {
          "line": 4,
          "column": 18
        }
      }
    },
    "fnMap": {
      "0": {
        "name": "createUuid",
        "decl": {
          "start": {
            "line": 3,
            "column": 16
          },
          "end": {
            "line": 3,
            "column": 26
          }
        },
        "loc": {
          "start": {
            "line": 3,
            "column": 29
          },
          "end": {
            "line": 5,
            "column": 1
          }
        },
        "line": 3
      }
    },
    "branchMap": {},
    "s": {
      "0": 204
    },
    "f": {
      "0": 204
    },
    "b": {},
    "_coverageSchema": "43e27e138ebf9cfc5966b082cf9a028302ed4184",
    "hash": "a5d6391111b3a05b3bcb0dc809499810bc62a97e"
  },
  "D:\\DevProj\\bits-to-atoms\\src\\store\\common\\identity\\types.ts": {
    "path": "D:\\DevProj\\bits-to-atoms\\src\\store\\common\\identity\\types.ts",
    "statementMap": {},
    "fnMap": {},
    "branchMap": {},
    "s": {},
    "f": {},
    "b": {},
    "hash": "db5d546ba8cb6256d67e41ee2394cabb032acf17"
  },
  "D:\\DevProj\\bits-to-atoms\\src\\store\\common\\parameter\\factories.ts": {
    "path": "D:\\DevProj\\bits-to-atoms\\src\\store\\common\\parameter\\factories.ts",
    "statementMap": {
      "0": {
        "start": {
          "line": 10,
          "column": 2
        },
        "end": {
          "line": 16,
          "column": 4
        }
      },
      "1": {
        "start": {
          "line": 25,
          "column": 2
        },
        "end": {
          "line": 31,
          "column": 4
        }
      }
    },
    "fnMap": {
      "0": {
        "name": "createNumberParameter",
        "decl": {
          "start": {
            "line": 4,
            "column": 16
          },
          "end": {
            "line": 4,
            "column": 37
          }
        },
        "loc": {
          "start": {
            "line": 9,
            "column": 25
          },
          "end": {
            "line": 17,
            "column": 1
          }
        },
        "line": 9
      },
      "1": {
        "name": "createStringParameter",
        "decl": {
          "start": {
            "line": 19,
            "column": 16
          },
          "end": {
            "line": 19,
            "column": 37
          }
        },
        "loc": {
          "start": {
            "line": 24,
            "column": 25
          },
          "end": {
            "line": 32,
            "column": 1
          }
        },
        "line": 24
      }
    },
    "branchMap": {
      "0": {
        "loc": {
          "start": {
            "line": 4,
            "column": 38
          },
          "end": {
            "line": 9,
            "column": 6
          }
        },
        "type": "default-arg",
        "locations": [
          {
            "start": {
              "line": 9,
              "column": 4
            },
            "end": {
              "line": 9,
              "column": 6
            }
          }
        ],
        "line": 4
      },
      "1": {
        "loc": {
          "start": {
            "line": 5,
            "column": 2
          },
          "end": {
            "line": 5,
            "column": 19
          }
        },
        "type": "default-arg",
        "locations": [
          {
            "start": {
              "line": 5,
              "column": 7
            },
            "end": {
              "line": 5,
              "column": 19
            }
          }
        ],
        "line": 5
      },
      "2": {
        "loc": {
          "start": {
            "line": 6,
            "column": 2
          },
          "end": {
            "line": 6,
            "column": 42
          }
        },
        "type": "default-arg",
        "locations": [
          {
            "start": {
              "line": 6,
              "column": 16
            },
            "end": {
              "line": 6,
              "column": 42
            }
          }
        ],
        "line": 6
      },
      "3": {
        "loc": {
          "start": {
            "line": 7,
            "column": 2
          },
          "end": {
            "line": 7,
            "column": 12
          }
        },
        "type": "default-arg",
        "locations": [
          {
            "start": {
              "line": 7,
              "column": 10
            },
            "end": {
              "line": 7,
              "column": 12
            }
          }
        ],
        "line": 7
      },
      "4": {
        "loc": {
          "start": {
            "line": 8,
            "column": 2
          },
          "end": {
            "line": 8,
            "column": 11
          }
        },
        "type": "default-arg",
        "locations": [
          {
            "start": {
              "line": 8,
              "column": 10
            },
            "end": {
              "line": 8,
              "column": 11
            }
          }
        ],
        "line": 8
      },
      "5": {
        "loc": {
          "start": {
            "line": 19,
            "column": 38
          },
          "end": {
            "line": 24,
            "column": 6
          }
        },
        "type": "default-arg",
        "locations": [
          {
            "start": {
              "line": 24,
              "column": 4
            },
            "end": {
              "line": 24,
              "column": 6
            }
          }
        ],
        "line": 19
      },
      "6": {
        "loc": {
          "start": {
            "line": 20,
            "column": 2
          },
          "end": {
            "line": 20,
            "column": 19
          }
        },
        "type": "default-arg",
        "locations": [
          {
            "start": {
              "line": 20,
              "column": 7
            },
            "end": {
              "line": 20,
              "column": 19
            }
          }
        ],
        "line": 20
      },
      "7": {
        "loc": {
          "start": {
            "line": 21,
            "column": 2
          },
          "end": {
            "line": 21,
            "column": 42
          }
        },
        "type": "default-arg",
        "locations": [
          {
            "start": {
              "line": 21,
              "column": 16
            },
            "end": {
              "line": 21,
              "column": 42
            }
          }
        ],
        "line": 21
      },
      "8": {
        "loc": {
          "start": {
            "line": 22,
            "column": 2
          },
          "end": {
            "line": 22,
            "column": 12
          }
        },
        "type": "default-arg",
        "locations": [
          {
            "start": {
              "line": 22,
              "column": 10
            },
            "end": {
              "line": 22,
              "column": 12
            }
          }
        ],
        "line": 22
      },
      "9": {
        "loc": {
          "start": {
            "line": 23,
            "column": 2
          },
          "end": {
            "line": 23,
            "column": 12
          }
        },
        "type": "default-arg",
        "locations": [
          {
            "start": {
              "line": 23,
              "column": 10
            },
            "end": {
              "line": 23,
              "column": 12
            }
          }
        ],
        "line": 23
      }
    },
    "s": {
      "0": 0,
      "1": 0
    },
    "f": {
      "0": 0,
      "1": 0
    },
    "b": {
      "0": [
        0
      ],
      "1": [
        0
      ],
      "2": [
        0
      ],
      "3": [
        0
      ],
      "4": [
        0
      ],
      "5": [
        0
      ],
      "6": [
        0
      ],
      "7": [
        0
      ],
      "8": [
        0
      ],
      "9": [
        0
      ]
    },
    "hash": "86bc2ccac035c26711792a83cf9ea928d0d2c1af"
  },
  "D:\\DevProj\\bits-to-atoms\\src\\store\\common\\parameter\\types.ts": {
    "path": "D:\\DevProj\\bits-to-atoms\\src\\store\\common\\parameter\\types.ts",
    "statementMap": {},
    "fnMap": {},
    "branchMap": {},
    "s": {},
    "f": {},
    "b": {},
    "hash": "42050c5244271276dca3b44c0295afed3da8afef"
  },
  "D:\\DevProj\\bits-to-atoms\\src\\store\\common\\primitive\\factories.ts": {
    "path": "D:\\DevProj\\bits-to-atoms\\src\\store\\common\\primitive\\factories.ts",
    "statementMap": {
      "0": {
        "start": {
          "line": 4,
          "column": 2
        },
        "end": {
          "line": 8,
          "column": 4
        }
      },
      "1": {
        "start": {
          "line": 17,
          "column": 2
        },
        "end": {
          "line": 22,
          "column": 4
        }
      },
      "2": {
        "start": {
          "line": 29,
          "column": 2
        },
        "end": {
          "line": 32,
          "column": 4
        }
      }
    },
    "fnMap": {
      "0": {
        "name": "createVector3",
        "decl": {
          "start": {
            "line": 3,
            "column": 16
          },
          "end": {
            "line": 3,
            "column": 29
          }
        },
        "loc": {
          "start": {
            "line": 3,
            "column": 69
          },
          "end": {
            "line": 9,
            "column": 1
          }
        },
        "line": 3
      },
      "1": {
        "name": "createQuaternion",
        "decl": {
          "start": {
            "line": 11,
            "column": 16
          },
          "end": {
            "line": 11,
            "column": 32
          }
        },
        "loc": {
          "start": {
            "line": 16,
            "column": 20
          },
          "end": {
            "line": 23,
            "column": 1
          }
        },
        "line": 16
      },
      "2": {
        "name": "createCuboid",
        "decl": {
          "start": {
            "line": 25,
            "column": 16
          },
          "end": {
            "line": 25,
            "column": 28
          }
        },
        "loc": {
          "start": {
            "line": 28,
            "column": 16
          },
          "end": {
            "line": 33,
            "column": 1
          }
        },
        "line": 28
      }
    },
    "branchMap": {
      "0": {
        "loc": {
          "start": {
            "line": 3,
            "column": 30
          },
          "end": {
            "line": 3,
            "column": 58
          }
        },
        "type": "default-arg",
        "locations": [
          {
            "start": {
              "line": 3,
              "column": 56
            },
            "end": {
              "line": 3,
              "column": 58
            }
          }
        ],
        "line": 3
      },
      "1": {
        "loc": {
          "start": {
            "line": 3,
            "column": 32
          },
          "end": {
            "line": 3,
            "column": 37
          }
        },
        "type": "default-arg",
        "locations": [
          {
            "start": {
              "line": 3,
              "column": 36
            },
            "end": {
              "line": 3,
              "column": 37
            }
          }
        ],
        "line": 3
      },
      "2": {
        "loc": {
          "start": {
            "line": 3,
            "column": 39
          },
          "end": {
            "line": 3,
            "column": 44
          }
        },
        "type": "default-arg",
        "locations": [
          {
            "start": {
              "line": 3,
              "column": 43
            },
            "end": {
              "line": 3,
              "column": 44
            }
          }
        ],
        "line": 3
      },
      "3": {
        "loc": {
          "start": {
            "line": 3,
            "column": 46
          },
          "end": {
            "line": 3,
            "column": 51
          }
        },
        "type": "default-arg",
        "locations": [
          {
            "start": {
              "line": 3,
              "column": 50
            },
            "end": {
              "line": 3,
              "column": 51
            }
          }
        ],
        "line": 3
      },
      "4": {
        "loc": {
          "start": {
            "line": 11,
            "column": 33
          },
          "end": {
            "line": 16,
            "column": 6
          }
        },
        "type": "default-arg",
        "locations": [
          {
            "start": {
              "line": 16,
              "column": 4
            },
            "end": {
              "line": 16,
              "column": 6
            }
          }
        ],
        "line": 11
      },
      "5": {
        "loc": {
          "start": {
            "line": 12,
            "column": 2
          },
          "end": {
            "line": 12,
            "column": 7
          }
        },
        "type": "default-arg",
        "locations": [
          {
            "start": {
              "line": 12,
              "column": 6
            },
            "end": {
              "line": 12,
              "column": 7
            }
          }
        ],
        "line": 12
      },
      "6": {
        "loc": {
          "start": {
            "line": 13,
            "column": 2
          },
          "end": {
            "line": 13,
            "column": 7
          }
        },
        "type": "default-arg",
        "locations": [
          {
            "start": {
              "line": 13,
              "column": 6
            },
            "end": {
              "line": 13,
              "column": 7
            }
          }
        ],
        "line": 13
      },
      "7": {
        "loc": {
          "start": {
            "line": 14,
            "column": 2
          },
          "end": {
            "line": 14,
            "column": 7
          }
        },
        "type": "default-arg",
        "locations": [
          {
            "start": {
              "line": 14,
              "column": 6
            },
            "end": {
              "line": 14,
              "column": 7
            }
          }
        ],
        "line": 14
      },
      "8": {
        "loc": {
          "start": {
            "line": 15,
            "column": 2
          },
          "end": {
            "line": 15,
            "column": 7
          }
        },
        "type": "default-arg",
        "locations": [
          {
            "start": {
              "line": 15,
              "column": 6
            },
            "end": {
              "line": 15,
              "column": 7
            }
          }
        ],
        "line": 15
      },
      "9": {
        "loc": {
          "start": {
            "line": 25,
            "column": 29
          },
          "end": {
            "line": 28,
            "column": 6
          }
        },
        "type": "default-arg",
        "locations": [
          {
            "start": {
              "line": 28,
              "column": 4
            },
            "end": {
              "line": 28,
              "column": 6
            }
          }
        ],
        "line": 25
      },
      "10": {
        "loc": {
          "start": {
            "line": 26,
            "column": 2
          },
          "end": {
            "line": 26,
            "column": 23
          }
        },
        "type": "default-arg",
        "locations": [
          {
            "start": {
              "line": 26,
              "column": 8
            },
            "end": {
              "line": 26,
              "column": 23
            }
          }
        ],
        "line": 26
      },
      "11": {
        "loc": {
          "start": {
            "line": 27,
            "column": 2
          },
          "end": {
            "line": 27,
            "column": 43
          }
        },
        "type": "default-arg",
        "locations": [
          {
            "start": {
              "line": 27,
              "column": 8
            },
            "end": {
              "line": 27,
              "column": 43
            }
          }
        ],
        "line": 27
      }
    },
    "s": {
      "0": 215,
      "1": 53,
      "2": 76
    },
    "f": {
      "0": 215,
      "1": 53,
      "2": 76
    },
    "b": {
      "0": [
        46
      ],
      "1": [
        46
      ],
      "2": [
        46
      ],
      "3": [
        139
      ],
      "4": [
        53
      ],
      "5": [
        53
      ],
      "6": [
        53
      ],
      "7": [
        53
      ],
      "8": [
        53
      ],
      "9": [
        23
      ],
      "10": [
        23
      ],
      "11": [
        23
      ]
    },
    "_coverageSchema": "43e27e138ebf9cfc5966b082cf9a028302ed4184",
    "hash": "d282f2f70c26aadf130f3d25be099a9aa5c761d9"
  },
  "D:\\DevProj\\bits-to-atoms\\src\\store\\common\\primitive\\types.ts": {
    "path": "D:\\DevProj\\bits-to-atoms\\src\\store\\common\\primitive\\types.ts",
    "statementMap": {},
    "fnMap": {},
    "branchMap": {},
    "s": {},
    "f": {},
    "b": {},
    "hash": "bbe39db7d0f0b936b89989f5f90664d08bfa03d1"
  },
  "D:\\DevProj\\bits-to-atoms\\src\\store\\common\\topology\\types.ts": {
    "path": "D:\\DevProj\\bits-to-atoms\\src\\store\\common\\topology\\types.ts",
    "statementMap": {},
    "fnMap": {},
    "branchMap": {},
    "s": {},
    "f": {},
    "b": {},
    "_coverageSchema": "43e27e138ebf9cfc5966b082cf9a028302ed4184",
    "hash": "a0b3c3e940895ade1ae02920dff85c72ac5d924f"
  },
  "D:\\DevProj\\bits-to-atoms\\src\\store\\economic\\factories.ts": {
    "path": "D:\\DevProj\\bits-to-atoms\\src\\store\\economic\\factories.ts",
    "statementMap": {
      "0": {
        "start": {
          "line": 9,
          "column": 31
        },
        "end": {
          "line": 12,
          "column": 2
        }
      },
      "1": {
        "start": {
          "line": 19,
          "column": 2
        },
        "end": {
          "line": 23,
          "column": 4
        }
      },
      "2": {
        "start": {
          "line": 35,
          "column": 2
        },
        "end": {
          "line": 43,
          "column": 4
        }
      }
    },
    "fnMap": {
      "0": {
        "name": "createLiquidAsset",
        "decl": {
          "start": {
            "line": 14,
            "column": 16
          },
          "end": {
            "line": 14,
            "column": 33
          }
        },
        "loc": {
          "start": {
            "line": 18,
            "column": 21
          },
          "end": {
            "line": 24,
            "column": 1
          }
        },
        "line": 18
      },
      "1": {
        "name": "createFixedAsset",
        "decl": {
          "start": {
            "line": 26,
            "column": 16
          },
          "end": {
            "line": 26,
            "column": 32
          }
        },
        "loc": {
          "start": {
            "line": 34,
            "column": 20
          },
          "end": {
            "line": 44,
            "column": 1
          }
        },
        "line": 34
      }
    },
    "branchMap": {
      "0": {
        "loc": {
          "start": {
            "line": 14,
            "column": 34
          },
          "end": {
            "line": 18,
            "column": 6
          }
        },
        "type": "default-arg",
        "locations": [
          {
            "start": {
              "line": 18,
              "column": 4
            },
            "end": {
              "line": 18,
              "column": 6
            }
          }
        ],
        "line": 14
      },
      "1": {
        "loc": {
          "start": {
            "line": 15,
            "column": 2
          },
          "end": {
            "line": 15,
            "column": 19
          }
        },
        "type": "default-arg",
        "locations": [
          {
            "start": {
              "line": 15,
              "column": 7
            },
            "end": {
              "line": 15,
              "column": 19
            }
          }
        ],
        "line": 15
      },
      "2": {
        "loc": {
          "start": {
            "line": 16,
            "column": 2
          },
          "end": {
            "line": 16,
            "column": 38
          }
        },
        "type": "default-arg",
        "locations": [
          {
            "start": {
              "line": 16,
              "column": 16
            },
            "end": {
              "line": 16,
              "column": 38
            }
          }
        ],
        "line": 16
      },
      "3": {
        "loc": {
          "start": {
            "line": 17,
            "column": 2
          },
          "end": {
            "line": 17,
            "column": 15
          }
        },
        "type": "default-arg",
        "locations": [
          {
            "start": {
              "line": 17,
              "column": 12
            },
            "end": {
              "line": 17,
              "column": 15
            }
          }
        ],
        "line": 17
      },
      "4": {
        "loc": {
          "start": {
            "line": 26,
            "column": 33
          },
          "end": {
            "line": 34,
            "column": 6
          }
        },
        "type": "default-arg",
        "locations": [
          {
            "start": {
              "line": 34,
              "column": 4
            },
            "end": {
              "line": 34,
              "column": 6
            }
          }
        ],
        "line": 26
      },
      "5": {
        "loc": {
          "start": {
            "line": 27,
            "column": 2
          },
          "end": {
            "line": 27,
            "column": 19
          }
        },
        "type": "default-arg",
        "locations": [
          {
            "start": {
              "line": 27,
              "column": 7
            },
            "end": {
              "line": 27,
              "column": 19
            }
          }
        ],
        "line": 27
      },
      "6": {
        "loc": {
          "start": {
            "line": 28,
            "column": 2
          },
          "end": {
            "line": 28,
            "column": 37
          }
        },
        "type": "default-arg",
        "locations": [
          {
            "start": {
              "line": 28,
              "column": 16
            },
            "end": {
              "line": 28,
              "column": 37
            }
          }
        ],
        "line": 28
      },
      "7": {
        "loc": {
          "start": {
            "line": 29,
            "column": 2
          },
          "end": {
            "line": 29,
            "column": 33
          }
        },
        "type": "default-arg",
        "locations": [
          {
            "start": {
              "line": 29,
              "column": 9
            },
            "end": {
              "line": 29,
              "column": 33
            }
          }
        ],
        "line": 29
      },
      "8": {
        "loc": {
          "start": {
            "line": 30,
            "column": 2
          },
          "end": {
            "line": 30,
            "column": 22
          }
        },
        "type": "default-arg",
        "locations": [
          {
            "start": {
              "line": 30,
              "column": 21
            },
            "end": {
              "line": 30,
              "column": 22
            }
          }
        ],
        "line": 30
      },
      "9": {
        "loc": {
          "start": {
            "line": 31,
            "column": 2
          },
          "end": {
            "line": 31,
            "column": 28
          }
        },
        "type": "default-arg",
        "locations": [
          {
            "start": {
              "line": 31,
              "column": 13
            },
            "end": {
              "line": 31,
              "column": 28
            }
          }
        ],
        "line": 31
      },
      "10": {
        "loc": {
          "start": {
            "line": 32,
            "column": 2
          },
          "end": {
            "line": 32,
            "column": 34
          }
        },
        "type": "default-arg",
        "locations": [
          {
            "start": {
              "line": 32,
              "column": 16
            },
            "end": {
              "line": 32,
              "column": 34
            }
          }
        ],
        "line": 32
      },
      "11": {
        "loc": {
          "start": {
            "line": 33,
            "column": 2
          },
          "end": {
            "line": 33,
            "column": 25
          }
        },
        "type": "default-arg",
        "locations": [
          {
            "start": {
              "line": 33,
              "column": 11
            },
            "end": {
              "line": 33,
              "column": 25
            }
          }
        ],
        "line": 33
      }
    },
    "s": {
      "0": 11,
      "1": 123,
      "2": 0
    },
    "f": {
      "0": 123,
      "1": 0
    },
    "b": {
      "0": [
        11
      ],
      "1": [
        120
      ],
      "2": [
        120
      ],
      "3": [
        11
      ],
      "4": [
        0
      ],
      "5": [
        0
      ],
      "6": [
        0
      ],
      "7": [
        0
      ],
      "8": [
        0
      ],
      "9": [
        0
      ],
      "10": [
        0
      ],
      "11": [
        0
      ]
    },
    "_coverageSchema": "43e27e138ebf9cfc5966b082cf9a028302ed4184",
    "hash": "a8ad6b32ef919012cd0c418396c1f07c0918fbda"
  },
  "D:\\DevProj\\bits-to-atoms\\src\\store\\economic\\types.ts": {
    "path": "D:\\DevProj\\bits-to-atoms\\src\\store\\economic\\types.ts",
    "statementMap": {},
    "fnMap": {},
    "branchMap": {},
    "s": {},
    "f": {},
    "b": {},
    "_coverageSchema": "43e27e138ebf9cfc5966b082cf9a028302ed4184",
    "hash": "36c9671c3b9693b8d23bde72a69badf0b57dabea"
  },
  "D:\\DevProj\\bits-to-atoms\\src\\store\\factory\\factories.ts": {
    "path": "D:\\DevProj\\bits-to-atoms\\src\\store\\factory\\factories.ts",
    "statementMap": {
      "0": {
        "start": {
          "line": 49,
          "column": 2
        },
        "end": {
          "line": 56,
          "column": 4
        }
      }
    },
    "fnMap": {
      "0": {
        "name": "createFactory",
        "decl": {
          "start": {
            "line": 13,
            "column": 16
          },
          "end": {
            "line": 13,
            "column": 29
          }
        },
        "loc": {
          "start": {
            "line": 48,
            "column": 17
          },
          "end": {
            "line": 57,
            "column": 1
          }
        },
        "line": 48
      }
    },
    "branchMap": {
      "0": {
        "loc": {
          "start": {
            "line": 13,
            "column": 30
          },
          "end": {
            "line": 48,
            "column": 6
          }
        },
        "type": "default-arg",
        "locations": [
          {
            "start": {
              "line": 48,
              "column": 4
            },
            "end": {
              "line": 48,
              "column": 6
            }
          }
        ],
        "line": 13
      },
      "1": {
        "loc": {
          "start": {
            "line": 14,
            "column": 2
          },
          "end": {
            "line": 14,
            "column": 19
          }
        },
        "type": "default-arg",
        "locations": [
          {
            "start": {
              "line": 14,
              "column": 7
            },
            "end": {
              "line": 14,
              "column": 19
            }
          }
        ],
        "line": 14
      },
      "2": {
        "loc": {
          "start": {
            "line": 15,
            "column": 2
          },
          "end": {
            "line": 15,
            "column": 33
          }
        },
        "type": "default-arg",
        "locations": [
          {
            "start": {
              "line": 15,
              "column": 16
            },
            "end": {
              "line": 15,
              "column": 33
            }
          }
        ],
        "line": 15
      },
      "3": {
        "loc": {
          "start": {
            "line": 16,
            "column": 2
          },
          "end": {
            "line": 16,
            "column": 35
          }
        },
        "type": "default-arg",
        "locations": [
          {
            "start": {
              "line": 16,
              "column": 16
            },
            "end": {
              "line": 16,
              "column": 35
            }
          }
        ],
        "line": 16
      },
      "4": {
        "loc": {
          "start": {
            "line": 17,
            "column": 2
          },
          "end": {
            "line": 17,
            "column": 34
          }
        },
        "type": "default-arg",
        "locations": [
          {
            "start": {
              "line": 17,
              "column": 16
            },
            "end": {
              "line": 17,
              "column": 34
            }
          }
        ],
        "line": 17
      },
      "5": {
        "loc": {
          "start": {
            "line": 18,
            "column": 2
          },
          "end": {
            "line": 18,
            "column": 38
          }
        },
        "type": "default-arg",
        "locations": [
          {
            "start": {
              "line": 18,
              "column": 18
            },
            "end": {
              "line": 18,
              "column": 38
            }
          }
        ],
        "line": 18
      },
      "6": {
        "loc": {
          "start": {
            "line": 19,
            "column": 2
          },
          "end": {
            "line": 47,
            "column": 3
          }
        },
        "type": "default-arg",
        "locations": [
          {
            "start": {
              "line": 19,
              "column": 21
            },
            "end": {
              "line": 47,
              "column": 3
            }
          }
        ],
        "line": 19
      }
    },
    "s": {
      "0": 13
    },
    "f": {
      "0": 13
    },
    "b": {
      "0": [
        9
      ],
      "1": [
        11
      ],
      "2": [
        11
      ],
      "3": [
        11
      ],
      "4": [
        11
      ],
      "5": [
        9
      ],
      "6": [
        10
      ]
    },
    "_coverageSchema": "43e27e138ebf9cfc5966b082cf9a028302ed4184",
    "hash": "21f3f411d7c5f39de96c45201eb3ef465c5dfb7c"
  },
  "D:\\DevProj\\bits-to-atoms\\src\\store\\factory\\sagas.ts": {
    "path": "D:\\DevProj\\bits-to-atoms\\src\\store\\factory\\sagas.ts",
    "statementMap": {
      "0": {
        "start": {
          "line": 36,
          "column": 24
        },
        "end": {
          "line": 36,
          "column": 53
        }
      },
      "1": {
        "start": {
          "line": 37,
          "column": 2
        },
        "end": {
          "line": 39,
          "column": 4
        }
      },
      "2": {
        "start": {
          "line": 40,
          "column": 2
        },
        "end": {
          "line": 66,
          "column": 3
        }
      },
      "3": {
        "start": {
          "line": 41,
          "column": 4
        },
        "end": {
          "line": 41,
          "column": 31
        }
      },
      "4": {
        "start": {
          "line": 45,
          "column": 31
        },
        "end": {
          "line": 47,
          "column": 21
        }
      },
      "5": {
        "start": {
          "line": 54,
          "column": 46
        },
        "end": {
          "line": 56,
          "column": 21
        }
      },
      "6": {
        "start": {
          "line": 58,
          "column": 6
        },
        "end": {
          "line": 58,
          "column": 63
        }
      },
      "7": {
        "start": {
          "line": 61,
          "column": 4
        },
        "end": {
          "line": 65,
          "column": 6
        }
      },
      "8": {
        "start": {
          "line": 75,
          "column": 2
        },
        "end": {
          "line": 75,
          "column": 69
        }
      },
      "9": {
        "start": {
          "line": 76,
          "column": 2
        },
        "end": {
          "line": 76,
          "column": 53
        }
      },
      "10": {
        "start": {
          "line": 83,
          "column": 2
        },
        "end": {
          "line": 91,
          "column": 3
        }
      },
      "11": {
        "start": {
          "line": 84,
          "column": 4
        },
        "end": {
          "line": 89,
          "column": 7
        }
      },
      "12": {
        "start": {
          "line": 90,
          "column": 4
        },
        "end": {
          "line": 90,
          "column": 69
        }
      },
      "13": {
        "start": {
          "line": 90,
          "column": 63
        },
        "end": {
          "line": 90,
          "column": 69
        }
      },
      "14": {
        "start": {
          "line": 92,
          "column": 2
        },
        "end": {
          "line": 92,
          "column": 27
        }
      },
      "15": {
        "start": {
          "line": 102,
          "column": 36
        },
        "end": {
          "line": 102,
          "column": 59
        }
      },
      "16": {
        "start": {
          "line": 103,
          "column": 2
        },
        "end": {
          "line": 105,
          "column": 4
        }
      },
      "17": {
        "start": {
          "line": 109,
          "column": 2
        },
        "end": {
          "line": 117,
          "column": 3
        }
      },
      "18": {
        "start": {
          "line": 115,
          "column": 4
        },
        "end": {
          "line": 115,
          "column": 80
        }
      },
      "19": {
        "start": {
          "line": 116,
          "column": 4
        },
        "end": {
          "line": 116,
          "column": 11
        }
      },
      "20": {
        "start": {
          "line": 121,
          "column": 27
        },
        "end": {
          "line": 121,
          "column": 43
        }
      },
      "21": {
        "start": {
          "line": 126,
          "column": 29
        },
        "end": {
          "line": 128,
          "column": 4
        }
      },
      "22": {
        "start": {
          "line": 133,
          "column": 2
        },
        "end": {
          "line": 139,
          "column": 5
        }
      },
      "23": {
        "start": {
          "line": 140,
          "column": 39
        },
        "end": {
          "line": 145,
          "column": 4
        }
      },
      "24": {
        "start": {
          "line": 146,
          "column": 2
        },
        "end": {
          "line": 147,
          "column": 57
        }
      },
      "25": {
        "start": {
          "line": 148,
          "column": 2
        },
        "end": {
          "line": 148,
          "column": 65
        }
      },
      "26": {
        "start": {
          "line": 149,
          "column": 2
        },
        "end": {
          "line": 149,
          "column": 63
        }
      },
      "27": {
        "start": {
          "line": 152,
          "column": 2
        },
        "end": {
          "line": 192,
          "column": 3
        }
      },
      "28": {
        "start": {
          "line": 153,
          "column": 4
        },
        "end": {
          "line": 156,
          "column": 7
        }
      },
      "29": {
        "start": {
          "line": 157,
          "column": 43
        },
        "end": {
          "line": 162,
          "column": 6
        }
      },
      "30": {
        "start": {
          "line": 164,
          "column": 6
        },
        "end": {
          "line": 164,
          "column": 60
        }
      },
      "31": {
        "start": {
          "line": 165,
          "column": 29
        },
        "end": {
          "line": 166,
          "column": 40
        }
      },
      "32": {
        "start": {
          "line": 167,
          "column": 4
        },
        "end": {
          "line": 172,
          "column": 5
        }
      },
      "33": {
        "start": {
          "line": 168,
          "column": 6
        },
        "end": {
          "line": 170,
          "column": 8
        }
      },
      "34": {
        "start": {
          "line": 171,
          "column": 6
        },
        "end": {
          "line": 171,
          "column": 13
        }
      },
      "35": {
        "start": {
          "line": 174,
          "column": 4
        },
        "end": {
          "line": 174,
          "column": 75
        }
      },
      "36": {
        "start": {
          "line": 175,
          "column": 4
        },
        "end": {
          "line": 175,
          "column": 78
        }
      },
      "37": {
        "start": {
          "line": 176,
          "column": 4
        },
        "end": {
          "line": 176,
          "column": 82
        }
      },
      "38": {
        "start": {
          "line": 177,
          "column": 4
        },
        "end": {
          "line": 177,
          "column": 67
        }
      },
      "39": {
        "start": {
          "line": 179,
          "column": 4
        },
        "end": {
          "line": 191,
          "column": 5
        }
      },
      "40": {
        "start": {
          "line": 182,
          "column": 6
        },
        "end": {
          "line": 182,
          "column": 57
        }
      },
      "41": {
        "start": {
          "line": 183,
          "column": 6
        },
        "end": {
          "line": 183,
          "column": 67
        }
      },
      "42": {
        "start": {
          "line": 185,
          "column": 6
        },
        "end": {
          "line": 187,
          "column": 8
        }
      },
      "43": {
        "start": {
          "line": 188,
          "column": 6
        },
        "end": {
          "line": 188,
          "column": 64
        }
      },
      "44": {
        "start": {
          "line": 189,
          "column": 6
        },
        "end": {
          "line": 189,
          "column": 68
        }
      },
      "45": {
        "start": {
          "line": 190,
          "column": 6
        },
        "end": {
          "line": 190,
          "column": 12
        }
      },
      "46": {
        "start": {
          "line": 195,
          "column": 2
        },
        "end": {
          "line": 243,
          "column": 3
        }
      },
      "47": {
        "start": {
          "line": 197,
          "column": 6
        },
        "end": {
          "line": 197,
          "column": 50
        }
      },
      "48": {
        "start": {
          "line": 199,
          "column": 6
        },
        "end": {
          "line": 199,
          "column": 63
        }
      },
      "49": {
        "start": {
          "line": 200,
          "column": 4
        },
        "end": {
          "line": 208,
          "column": 5
        }
      },
      "50": {
        "start": {
          "line": 204,
          "column": 6
        },
        "end": {
          "line": 206,
          "column": 8
        }
      },
      "51": {
        "start": {
          "line": 207,
          "column": 6
        },
        "end": {
          "line": 207,
          "column": 12
        }
      },
      "52": {
        "start": {
          "line": 210,
          "column": 37
        },
        "end": {
          "line": 214,
          "column": 6
        }
      },
      "53": {
        "start": {
          "line": 215,
          "column": 44
        },
        "end": {
          "line": 220,
          "column": 6
        }
      },
      "54": {
        "start": {
          "line": 224,
          "column": 6
        },
        "end": {
          "line": 224,
          "column": 61
        }
      },
      "55": {
        "start": {
          "line": 229,
          "column": 4
        },
        "end": {
          "line": 229,
          "column": 80
        }
      },
      "56": {
        "start": {
          "line": 230,
          "column": 4
        },
        "end": {
          "line": 230,
          "column": 77
        }
      },
      "57": {
        "start": {
          "line": 231,
          "column": 4
        },
        "end": {
          "line": 232,
          "column": 48
        }
      },
      "58": {
        "start": {
          "line": 233,
          "column": 4
        },
        "end": {
          "line": 233,
          "column": 63
        }
      },
      "59": {
        "start": {
          "line": 236,
          "column": 4
        },
        "end": {
          "line": 236,
          "column": 73
        }
      },
      "60": {
        "start": {
          "line": 239,
          "column": 4
        },
        "end": {
          "line": 239,
          "column": 86
        }
      },
      "61": {
        "start": {
          "line": 242,
          "column": 4
        },
        "end": {
          "line": 242,
          "column": 73
        }
      },
      "62": {
        "start": {
          "line": 246,
          "column": 2
        },
        "end": {
          "line": 248,
          "column": 4
        }
      },
      "63": {
        "start": {
          "line": 250,
          "column": 2
        },
        "end": {
          "line": 255,
          "column": 4
        }
      },
      "64": {
        "start": {
          "line": 257,
          "column": 2
        },
        "end": {
          "line": 257,
          "column": 79
        }
      },
      "65": {
        "start": {
          "line": 258,
          "column": 2
        },
        "end": {
          "line": 258,
          "column": 9
        }
      },
      "66": {
        "start": {
          "line": 323,
          "column": 2
        },
        "end": {
          "line": 323,
          "column": 66
        }
      }
    },
    "fnMap": {
      "0": {
        "name": "factoryUpdateTickSaga",
        "decl": {
          "start": {
            "line": 35,
            "column": 17
          },
          "end": {
            "line": 35,
            "column": 38
          }
        },
        "loc": {
          "start": {
            "line": 35,
            "column": 41
          },
          "end": {
            "line": 67,
            "column": 1
          }
        },
        "line": 35
      },
      "1": {
        "name": "triggerRequestFullfillmentOfActivity",
        "decl": {
          "start": {
            "line": 74,
            "column": 10
          },
          "end": {
            "line": 74,
            "column": 46
          }
        },
        "loc": {
          "start": {
            "line": 74,
            "column": 67
          },
          "end": {
            "line": 93,
            "column": 1
          }
        },
        "line": 74
      },
      "2": {
        "name": "buildRequestWorkflowSaga",
        "decl": {
          "start": {
            "line": 99,
            "column": 17
          },
          "end": {
            "line": 99,
            "column": 41
          }
        },
        "loc": {
          "start": {
            "line": 101,
[...]
          "column": 4
        }
      },
      "1": {
        "start": {
          "line": 14,
          "column": 18
        },
        "end": {
          "line": 14,
          "column": 35
        }
      },
      "2": {
        "start": {
          "line": 18,
          "column": 18
        },
        "end": {
          "line": 22,
          "column": 3
        }
      },
      "3": {
        "start": {
          "line": 18,
          "column": 37
        },
        "end": {
          "line": 22,
          "column": 1
        }
      },
      "4": {
        "start": {
          "line": 25,
          "column": 23
        },
        "end": {
          "line": 25,
          "column": 28
        }
      },
      "5": {
        "start": {
          "line": 26,
          "column": 18
        },
        "end": {
          "line": 26,
          "column": 29
        }
      },
      "6": {
        "start": {
          "line": 27,
          "column": 2
        },
        "end": {
          "line": 27,
          "column": 29
        }
      },
      "7": {
        "start": {
          "line": 27,
          "column": 17
        },
        "end": {
          "line": 27,
          "column": 29
        }
      },
      "8": {
        "start": {
          "line": 28,
          "column": 2
        },
        "end": {
          "line": 37,
          "column": 4
        }
      }
    },
    "fnMap": {
      "0": {
        "name": "mapState",
        "decl": {
          "start": {
            "line": 8,
            "column": 9
          },
          "end": {
            "line": 8,
            "column": 17
          }
        },
        "loc": {
          "start": {
            "line": 8,
            "column": 36
          },
          "end": {
            "line": 12,
            "column": 1
          }
        },
        "line": 8
      },
      "1": {
        "name": "(anonymous_1)",
        "decl": {
          "start": {
            "line": 18,
            "column": 29
          },
          "end": {
            "line": 18,
            "column": 30
          }
        },
        "loc": {
          "start": {
            "line": 18,
            "column": 37
          },
          "end": {
            "line": 22,
            "column": 1
          }
        },
        "line": 18
      },
      "2": {
        "name": "IdentityForm",
        "decl": {
          "start": {
            "line": 24,
            "column": 9
          },
          "end": {
            "line": 24,
            "column": 21
          }
        },
        "loc": {
          "start": {
            "line": 24,
            "column": 36
          },
          "end": {
            "line": 38,
            "column": 1
          }
        },
        "line": 24
      }
    },
    "branchMap": {
      "0": {
        "loc": {
          "start": {
            "line": 27,
            "column": 2
          },
          "end": {
            "line": 27,
            "column": 29
          }
        },
        "type": "if",
        "locations": [
          {
            "start": {
              "line": 27,
              "column": 2
            },
            "end": {
              "line": 27,
              "column": 29
            }
          },
          {
            "start": {
              "line": 27,
              "column": 2
            },
            "end": {
              "line": 27,
              "column": 29
            }
          }
        ],
        "line": 27
      }
    },
    "s": {
      "0": 0,
      "1": 5,
      "2": 5,
      "3": 0,
      "4": 0,
      "5": 0,
      "6": 0,
      "7": 0,
      "8": 0
    },
    "f": {
      "0": 0,
      "1": 0,
      "2": 0
    },
    "b": {
      "0": [
        0,
        0
      ]
    },
    "hash": "79fe73091270cd510d8b3e09395df23a331bcdca"
  },
  "D:\\DevProj\\bits-to-atoms\\src\\views\\components\\selected\\form\\entity\\LocationForm.tsx": {
    "path": "D:\\DevProj\\bits-to-atoms\\src\\views\\components\\selected\\form\\entity\\LocationForm.tsx",
    "statementMap": {
      "0": {
        "start": {
          "line": 23,
          "column": 2
        },
        "end": {
          "line": 26,
          "column": 4
        }
      },
      "1": {
        "start": {
          "line": 30,
          "column": 2
        },
        "end": {
          "line": 53,
          "column": 4
        }
      },
      "2": {
        "start": {
          "line": 37,
          "column": 6
        },
        "end": {
          "line": 39,
          "column": 8
        }
      },
      "3": {
        "start": {
          "line": 40,
          "column": 6
        },
        "end": {
          "line": 51,
          "column": 8
        }
      },
      "4": {
        "start": {
          "line": 56,
          "column": 18
        },
        "end": {
          "line": 56,
          "column": 48
        }
      },
      "5": {
        "start": {
          "line": 61,
          "column": 63
        },
        "end": {
          "line": 61,
          "column": 68
        }
      },
      "6": {
        "start": {
          "line": 63,
          "column": 2
        },
        "end": {
          "line": 63,
          "column": 47
        }
      },
      "7": {
        "start": {
          "line": 63,
          "column": 32
        },
        "end": {
          "line": 63,
          "column": 47
        }
      },
      "8": {
        "start": {
          "line": 65,
          "column": 21
        },
        "end": {
          "line": 69,
          "column": 3
        }
      },
      "9": {
        "start": {
          "line": 71,
          "column": 2
        },
        "end": {
          "line": 108,
          "column": 4
        }
      },
      "10": {
        "start": {
          "line": 84,
          "column": 14
        },
        "end": {
          "line": 102,
          "column": 16
        }
      },
      "11": {
        "start": {
          "line": 91,
          "column": 46
        },
        "end": {
          "line": 91,
          "column": 59
        }
      },
      "12": {
        "start": {
          "line": 93,
          "column": 22
        },
        "end": {
          "line": 98,
          "column": 23
        }
      }
    },
    "fnMap": {
      "0": {
        "name": "mapState",
        "decl": {
          "start": {
            "line": 22,
            "column": 9
          },
          "end": {
            "line": 22,
            "column": 17
          }
        },
        "loc": {
          "start": {
            "line": 22,
            "column": 36
          },
          "end": {
            "line": 27,
            "column": 1
          }
        },
        "line": 22
      },
      "1": {
        "name": "mapDispatch",
        "decl": {
          "start": {
            "line": 29,
            "column": 9
          },
          "end": {
            "line": 29,
            "column": 20
          }
        },
        "loc": {
          "start": {
            "line": 29,
            "column": 45
          },
          "end": {
            "line": 54,
            "column": 1
          }
        },
        "line": 29
      },
      "2": {
        "name": "(anonymous_2)",
        "decl": {
          "start": {
            "line": 31,
            "column": 29
          },
          "end": {
            "line": 31,
            "column": 30
          }
        },
        "loc": {
          "start": {
            "line": 36,
            "column": 9
          },
          "end": {
            "line": 52,
            "column": 5
          }
        },
        "line": 36
      },
      "3": {
        "name": "LocationForm",
        "decl": {
          "start": {
            "line": 60,
            "column": 9
          },
          "end": {
            "line": 60,
            "column": 21
          }
        },
        "loc": {
          "start": {
            "line": 60,
            "column": 67
          },
          "end": {
            "line": 109,
            "column": 1
          }
        },
        "line": 60
      },
      "4": {
        "name": "(anonymous_4)",
        "decl": {
          "start": {
            "line": 83,
            "column": 63
          },
          "end": {
            "line": 83,
            "column": 64
          }
        },
        "loc": {
          "start": {
            "line": 83,
            "column": 72
          },
          "end": {
            "line": 103,
            "column": 13
          }
        },
        "line": 83
      },
      "5": {
        "name": "(anonymous_5)",
        "decl": {
          "start": {
            "line": 91,
            "column": 27
          },
          "end": {
            "line": 91,
            "column": 28
          }
        },
        "loc": {
          "start": {
            "line": 91,
            "column": 46
          },
          "end": {
            "line": 91,
            "column": 59
          }
        },
        "line": 91
      },
      "6": {
        "name": "(anonymous_6)",
        "decl": {
          "start": {
            "line": 92,
            "column": 30
          },
          "end": {
            "line": 92,
            "column": 31
          }
        },
        "loc": {
          "start": {
            "line": 93,
            "column": 22
          },
          "end": {
            "line": 98,
            "column": 23
          }
        },
        "line": 93
      }
    },
    "branchMap": {
      "0": {
        "loc": {
          "start": {
            "line": 63,
            "column": 2
          },
          "end": {
            "line": 63,
            "column": 47
          }
        },
        "type": "if",
        "locations": [
          {
            "start": {
              "line": 63,
              "column": 2
            },
            "end": {
              "line": 63,
              "column": 47
            }
          },
          {
            "start": {
              "line": 63,
              "column": 2
            },
            "end": {
              "line": 63,
              "column": 47
            }
          }
        ],
        "line": 63
      }
    },
    "s": {
      "0": 0,
      "1": 0,
      "2": 0,
      "3": 0,
      "4": 5,
      "5": 0,
      "6": 0,
      "7": 0,
      "8": 0,
      "9": 0,
      "10": 0,
      "11": 0,
      "12": 0
    },
    "f": {
      "0": 0,
      "1": 0,
      "2": 0,
      "3": 0,
      "4": 0,
      "5": 0,
      "6": 0
    },
    "b": {
      "0": [
        0,
        0
      ]
    },
    "hash": "6229e901900b93601c898e8c31e864b96af998eb"
  },
  "D:\\DevProj\\bits-to-atoms\\src\\views\\components\\selected\\form\\entity\\OrientationForm.tsx": {
    "path": "D:\\DevProj\\bits-to-atoms\\src\\views\\components\\selected\\form\\entity\\OrientationForm.tsx",
    "statementMap": {
      "0": {
        "start": {
          "line": 23,
          "column": 2
        },
        "end": {
          "line": 26,
          "column": 4
        }
      },
      "1": {
        "start": {
          "line": 30,
          "column": 2
        },
        "end": {
          "line": 53,
          "column": 4
        }
      },
      "2": {
        "start": {
          "line": 37,
          "column": 6
        },
        "end": {
          "line": 39,
          "column": 8
        }
      },
      "3": {
        "start": {
          "line": 40,
          "column": 6
        },
        "end": {
          "line": 51,
          "column": 8
        }
      },
      "4": {
        "start": {
          "line": 56,
          "column": 18
        },
        "end": {
          "line": 56,
          "column": 48
        }
      },
      "5": {
        "start": {
          "line": 61,
          "column": 63
        },
        "end": {
          "line": 61,
          "column": 68
        }
      },
      "6": {
        "start": {
          "line": 63,
          "column": 2
        },
        "end": {
          "line": 63,
          "column": 47
        }
      },
      "7": {
        "start": {
          "line": 63,
          "column": 32
        },
        "end": {
          "line": 63,
          "column": 47
        }
      },
      "8": {
        "start": {
          "line": 65,
          "column": 21
        },
        "end": {
          "line": 69,
          "column": 3
        }
      },
      "9": {
        "start": {
          "line": 71,
          "column": 2
        },
        "end": {
          "line": 108,
          "column": 4
        }
      },
      "10": {
        "start": {
          "line": 84,
          "column": 14
        },
        "end": {
          "line": 102,
          "column": 16
        }
      },
      "11": {
        "start": {
          "line": 91,
          "column": 46
        },
        "end": {
          "line": 91,
          "column": 59
        }
      },
      "12": {
        "start": {
          "line": 93,
          "column": 22
        },
        "end": {
          "line": 98,
          "column": 23
        }
      }
    },
    "fnMap": {
      "0": {
        "name": "mapState",
        "decl": {
          "start": {
            "line": 22,
            "column": 9
          },
          "end": {
            "line": 22,
            "column": 17
          }
        },
        "loc": {
          "start": {
            "line": 22,
            "column": 36
          },
          "end": {
            "line": 27,
            "column": 1
          }
        },
        "line": 22
      },
      "1": {
        "name": "mapDispatch",
        "decl": {
          "start": {
            "line": 29,
            "column": 9
          },
          "end": {
            "line": 29,
            "column": 20
          }
        },
        "loc": {
          "start": {
            "line": 29,
            "column": 45
          },
          "end": {
            "line": 54,
            "column": 1
          }
        },
        "line": 29
      },
      "2": {
        "name": "(anonymous_2)",
        "decl": {
          "start": {
            "line": 31,
            "column": 29
          },
          "end": {
            "line": 31,
            "column": 30
          }
        },
        "loc": {
          "start": {
            "line": 36,
            "column": 9
          },
          "end": {
            "line": 52,
            "column": 5
          }
        },
        "line": 36
      },
      "3": {
        "name": "OrientationForm",
        "decl": {
          "start": {
            "line": 60,
            "column": 9
          },
          "end": {
            "line": 60,
            "column": 24
          }
        },
        "loc": {
          "start": {
            "line": 60,
            "column": 70
          },
          "end": {
            "line": 109,
            "column": 1
          }
        },
        "line": 60
      },
      "4": {
        "name": "(anonymous_4)",
        "decl": {
          "start": {
            "line": 83,
            "column": 66
          },
          "end": {
            "line": 83,
            "column": 67
          }
        },
        "loc": {
          "start": {
            "line": 83,
            "column": 75
          },
          "end": {
            "line": 103,
            "column": 13
          }
        },
        "line": 83
      },
      "5": {
        "name": "(anonymous_5)",
        "decl": {
          "start": {
            "line": 91,
            "column": 27
          },
          "end": {
            "line": 91,
            "column": 28
          }
        },
        "loc": {
          "start": {
            "line": 91,
            "column": 46
          },
          "end": {
            "line": 91,
            "column": 59
          }
        },
        "line": 91
      },
      "6": {
        "name": "(anonymous_6)",
        "decl": {
          "start": {
            "line": 92,
            "column": 30
          },
          "end": {
            "line": 92,
            "column": 31
          }
        },
        "loc": {
          "start": {
            "line": 93,
            "column": 22
          },
          "end": {
            "line": 98,
            "column": 23
          }
        },
        "line": 93
      }
    },
    "branchMap": {
      "0": {
        "loc": {
          "start": {
            "line": 63,
            "column": 2
          },
          "end": {
            "line": 63,
            "column": 47
          }
        },
        "type": "if",
        "locations": [
          {
            "start": {
              "line": 63,
              "column": 2
            },
            "end": {
              "line": 63,
              "column": 47
            }
          },
          {
            "start": {
              "line": 63,
              "column": 2
            },
            "end": {
              "line": 63,
              "column": 47
            }
          }
        ],
        "line": 63
      }
    },
    "s": {
      "0": 0,
      "1": 0,
      "2": 0,
      "3": 0,
      "4": 5,
      "5": 0,
      "6": 0,
      "7": 0,
      "8": 0,
      "9": 0,
      "10": 0,
      "11": 0,
      "12": 0
    },
    "f": {
      "0": 0,
      "1": 0,
      "2": 0,
      "3": 0,
      "4": 0,
      "5": 0,
      "6": 0
    },
    "b": {
      "0": [
        0,
        0
      ]
    },
    "hash": "2cf4fbe2936cfdebf1e754901ddfbe7bd9e0db2a"
  },
  "D:\\DevProj\\bits-to-atoms\\src\\views\\components\\selected\\form\\parameter\\BasicParameter.tsx": {
    "path": "D:\\DevProj\\bits-to-atoms\\src\\views\\components\\selected\\form\\parameter\\BasicParameter.tsx",
    "statementMap": {
      "0": {
        "start": {
          "line": 5,
          "column": 18
        },
        "end": {
          "line": 10,
          "column": 3
        }
      },
      "1": {
        "start": {
          "line": 5,
          "column": 41
        },
        "end": {
          "line": 10,
          "column": 1
        }
      },
      "2": {
        "start": {
          "line": 13,
          "column": 33
        },
        "end": {
          "line": 13,
          "column": 38
        }
      },
      "3": {
        "start": {
          "line": 14,
          "column": 18
        },
        "end": {
          "line": 14,
          "column": 29
        }
      },
      "4": {
        "start": {
          "line": 15,
          "column": 2
        },
        "end": {
          "line": 15,
          "column": 80
        }
      }
    },
    "fnMap": {
      "0": {
        "name": "(anonymous_0)",
        "decl": {
          "start": {
            "line": 5,
            "column": 29
          },
          "end": {
            "line": 5,
            "column": 30
          }
        },
        "loc": {
          "start": {
            "line": 5,
            "column": 41
          },
          "end": {
            "line": 10,
            "column": 1
          }
        },
        "line": 5
      },
      "1": {
        "name": "BasicParameter",
        "decl": {
          "start": {
            "line": 12,
            "column": 16
          },
          "end": {
            "line": 12,
            "column": 30
          }
        },
        "loc": {
          "start": {
            "line": 12,
            "column": 72
          },
          "end": {
            "line": 16,
            "column": 1
          }
        },
        "line": 12
      }
    },
    "branchMap": {},
    "s": {
      "0": 5,
      "1": 0,
      "2": 0,
      "3": 0,
      "4": 0
    },
    "f": {
      "0": 0,
      "1": 0
    },
    "b": {},
    "hash": "ee86da4dc0a0987ee7781449ff135ca443728695"
  },
  "D:\\DevProj\\bits-to-atoms\\src\\views\\components\\selected\\form\\parameter\\types.ts": {
    "path": "D:\\DevProj\\bits-to-atoms\\src\\views\\components\\selected\\form\\parameter\\types.ts",
    "statementMap": {},
    "fnMap": {},
    "branchMap": {},
    "s": {},
    "f": {},
    "b": {},
    "hash": "82d29ff74c1be5b3909a59d272ad2c0c1722174e"
  }
}